Determining if the pthread_create exist failed with the following output:
Change Dir: /home/ubuntu/pimouse/build/CMakeFiles/CMakeTmp

Run Build Command:"/usr/bin/make" "cmTC_e7b61/fast"
/usr/bin/make -f CMakeFiles/cmTC_e7b61.dir/build.make CMakeFiles/cmTC_e7b61.dir/build
make[1]: Entering directory '/home/ubuntu/pimouse/build/CMakeFiles/CMakeTmp'
Building C object CMakeFiles/cmTC_e7b61.dir/CheckSymbolExists.c.o
/usr/bin/cc    -o CMakeFiles/cmTC_e7b61.dir/CheckSymbolExists.c.o   -c /home/ubuntu/pimouse/build/CMakeFiles/CMakeTmp/CheckSymbolExists.c
Linking C executable cmTC_e7b61
/usr/bin/cmake -E cmake_link_script CMakeFiles/cmTC_e7b61.dir/link.txt --verbose=1
/usr/bin/cc      -rdynamic CMakeFiles/cmTC_e7b61.dir/CheckSymbolExists.c.o  -o cmTC_e7b61 
CMakeFiles/cmTC_e7b61.dir/CheckSymbolExists.c.o: In function `main':
CheckSymbolExists.c:(.text+0x2c): undefined reference to `pthread_create'
collect2: error: ld returned 1 exit status
CMakeFiles/cmTC_e7b61.dir/build.make:97: recipe for target 'cmTC_e7b61' failed
make[1]: *** [cmTC_e7b61] Error 1
make[1]: Leaving directory '/home/ubuntu/pimouse/build/CMakeFiles/CMakeTmp'
Makefile:126: recipe for target 'cmTC_e7b61/fast' failed
make: *** [cmTC_e7b61/fast] Error 2

File /home/ubuntu/pimouse/build/CMakeFiles/CMakeTmp/CheckSymbolExists.c:
/* */
#include <pthread.h>

int main(int argc, char** argv)
{
  (void)argv;
#ifndef pthread_create
  return ((int*)(&pthread_create))[argc];
#else
  (void)argc;
  return 0;
#endif
}

Determining if the function pthread_create exists in the pthreads failed with the following output:
Change Dir: /home/ubuntu/pimouse/build/CMakeFiles/CMakeTmp

Run Build Command:"/usr/bin/make" "cmTC_8fadf/fast"
/usr/bin/make -f CMakeFiles/cmTC_8fadf.dir/build.make CMakeFiles/cmTC_8fadf.dir/build
make[1]: Entering directory '/home/ubuntu/pimouse/build/CMakeFiles/CMakeTmp'
Building C object CMakeFiles/cmTC_8fadf.dir/CheckFunctionExists.c.o
/usr/bin/cc   -DCHECK_FUNCTION_EXISTS=pthread_create   -o CMakeFiles/cmTC_8fadf.dir/CheckFunctionExists.c.o   -c /usr/share/cmake-3.10/Modules/CheckFunctionExists.c
Linking C executable cmTC_8fadf
/usr/bin/cmake -E cmake_link_script CMakeFiles/cmTC_8fadf.dir/link.txt --verbose=1
/usr/bin/cc  -DCHECK_FUNCTION_EXISTS=pthread_create    -rdynamic CMakeFiles/cmTC_8fadf.dir/CheckFunctionExists.c.o  -o cmTC_8fadf -lpthreads 
/usr/bin/ld: cannot find -lpthreads
collect2: error: ld returned 1 exit status
CMakeFiles/cmTC_8fadf.dir/build.make:97: recipe for target 'cmTC_8fadf' failed
make[1]: *** [cmTC_8fadf] Error 1
make[1]: Leaving directory '/home/ubuntu/pimouse/build/CMakeFiles/CMakeTmp'
Makefile:126: recipe for target 'cmTC_8fadf/fast' failed
make: *** [cmTC_8fadf/fast] Error 2


